<?xml version="1.0" encoding="UTF-8"?>
<!-- Generated by org.testng.reporters.JUnitXMLReporter -->
<testsuite ignored="0" hostname="HP" failures="0" tests="4" name="Default test" time="10.061" errors="0" timestamp="2025-06-01T11:20:49 IST">
  <testcase classname="api.Test.UserTestsUsingPojo" name="createNewUser" time="7.171"/>
  <testcase classname="api.Test.UserTestsUsingPojo" name="getNewUser" time="0.191"/>
  <testcase classname="api.Test.UserTestsUsingPojo" name="updateNewUser" time="0.094"/>
  <testcase classname="api.Test.UserTestsUsingPojo" name="deleteNewUser" time="0.099"/>
</testsuite> <!-- Default test -->
