<?xml version="1.0" encoding="UTF-8"?>
<!-- Generated by org.testng.reporters.JUnitXMLReporter -->
<testsuite ignored="0" hostname="HP" failures="0" tests="4" name="Test" time="13.286" errors="0" timestamp="2025-06-01T11:22:09 IST">
  <testcase classname="api.Test.UserTestsUsingPojo" name="createNewUser" time="10.06"/>
  <testcase classname="api.Test.UserTestsUsingPojo" name="getNewUser" time="0.219"/>
  <testcase classname="api.Test.UserTestsUsingPojo" name="updateNewUser" time="0.112"/>
  <testcase classname="api.Test.UserTestsUsingPojo" name="deleteNewUser" time="0.121"/>
</testsuite> <!-- Test -->
