<?xml version="1.0" encoding="UTF-8"?>
<!-- Generated by org.testng.reporters.JUnitXMLReporter -->
<testsuite ignored="0" hostname="HP" failures="0" tests="4" name="Test" time="6.578" errors="0" timestamp="2025-06-01T12:15:27 IST">
  <testcase classname="api.Test.UserTestsUsingPojo" name="createNewUser" time="4.544"/>
  <testcase classname="api.Test.UserTestsUsingPojo" name="getNewUser" time="0.116"/>
  <testcase classname="api.Test.UserTestsUsingPojo" name="updateNewUser" time="0.084"/>
  <testcase classname="api.Test.UserTestsUsingPojo" name="deleteNewUser" time="0.079"/>
</testsuite> <!-- Test -->
